0.01 0.0383434 0.0340337 0.0248092 0.0114414
0.02 0.0766868 0.0680673 0.0496185 0.0228828
0.03 0.11503 0.102101 0.0744277 0.0343243
0.04 0.153374 0.136135 0.099237 0.0457657
0.05 0.191717 0.170168 0.124046 0.0572071
0.06 0.230061 0.204202 0.148855 0.0686485
0.07 0.268404 0.238236 0.173665 0.0800899
0.08 0.306747 0.272269 0.198474 0.0915313
0.09 0.345091 0.306303 0.223283 0.102973
0.1 0.383434 0.340337 0.248092 0.114414
0.11 0.421778 0.37437 0.272902 0.125856
0.12 0.460121 0.408404 0.297711 0.137297
0.13 0.498464 0.442438 0.32252 0.148738
0.14 0.536808 0.476471 0.347329 0.16018
0.15 0.575151 0.510505 0.372139 0.171621
0.16 0.613495 0.544539 0.396948 0.183063
0.17 0.651838 0.578572 0.421757 0.194504
0.18 0.690182 0.612606 0.446566 0.205946
0.19 0.728525 0.646639 0.471376 0.217387
0.2 0.766868 0.680673 0.496185 0.228828
0.21 0.805212 0.714707 0.520994 0.24027
0.22 0.843555 0.74874 0.545803 0.251711
0.23 0.881899 0.782774 0.570613 0.263153
0.24 0.920242 0.816808 0.595422 0.274594
0.25 0.958585 0.850841 0.620231 0.286035
0.26 0.996929 0.884875 0.64504 0.297477
0.27 1.03527 0.918909 0.66985 0.308918
0.28 1.07362 0.952942 0.694659 0.32036
0.29 1.11196 0.986976 0.719468 0.331801
0.3 1.1503 1.02101 0.744277 0.343243
0.31 1.18865 1.05504 0.769087 0.354684
0.32 1.22699 1.08908 0.793896 0.366125
0.33 1.26533 1.12311 0.818705 0.377567
0.34 1.30368 1.15714 0.843514 0.389008
0.35 1.34202 1.19118 0.868323 0.40045
0.36 1.38036 1.22521 0.893133 0.411891
0.37 1.41871 1.25925 0.917942 0.423332
0.38 1.45705 1.29328 0.942751 0.434774
0.39 1.49539 1.32731 0.96756 0.446215
0.4 1.53374 1.36135 0.99237 0.457657
0.41 1.57208 1.39538 1.01718 0.469098
0.42 1.61042 1.42941 1.04199 0.48054
0.43 1.64877 1.46345 1.0668 0.491981
0.44 1.68711 1.49748 1.09161 0.503422
0.45 1.72545 1.53151 1.11642 0.514864
0.46 1.7638 1.56555 1.14123 0.526305
0.47 1.80214 1.59958 1.16603 0.537747
0.48 1.84048 1.63362 1.19084 0.549188
0.49 1.87883 1.66765 1.21565 0.560629
0.5 1.91717 1.70168 1.24046 0.572071
0.51 1.95551 1.73572 1.26527 0.583512
0.52 1.99386 1.76975 1.29008 0.594954
0.53 2.0322 1.80378 1.31489 0.606395
0.54 2.07054 1.83782 1.3397 0.617837
0.55 2.10889 1.87185 1.36451 0.629278
0.56 2.14723 1.90588 1.38932 0.640719
0.57 2.18557 1.93992 1.41413 0.652161
0.58 2.22392 1.97395 1.43894 0.663602
0.59 2.26226 2.00799 1.46375 0.675044
0.6 2.30061 2.04202 1.48855 0.686485
0.61 2.33895 2.07605 1.51336 0.697926
0.62 2.37729 2.11009 1.53817 0.709368
0.63 2.41564 2.14412 1.56298 0.720809
0.64 2.45398 2.17815 1.58779 0.732251
0.65 2.49232 2.21219 1.6126 0.743692
0.66 2.53067 2.24622 1.63741 0.755134
0.67 2.56901 2.28026 1.66222 0.766575
0.68 2.60735 2.31429 1.68703 0.778016
0.69 2.6457 2.34832 1.71184 0.789458
0.7 2.68404 2.38236 1.73665 0.800899
0.71 2.72238 2.41639 1.76146 0.812341
0.72 2.76073 2.45042 1.78627 0.823782
0.73 2.79907 2.48446 1.81107 0.835223
0.74 2.83741 2.51849 1.83588 0.846665
0.75 2.87576 2.55252 1.86069 0.858106
0.76 2.9141 2.58656 1.8855 0.869548
0.77 2.95244 2.62059 1.91031 0.880989
0.78 2.99079 2.65463 1.93512 0.892431
0.79 3.02913 2.68866 1.95993 0.903872
0.8 3.06747 2.72269 1.98474 0.915313
0.81 3.10582 2.75673 2.00955 0.926755
0.82 3.14416 2.79076 2.03436 0.938196
0.83 3.1825 2.82479 2.05917 0.949638
0.84 3.22085 2.85883 2.08398 0.961079
0.85 3.25919 2.89286 2.10879 0.97252
0.86 3.29753 2.92689 2.13359 0.983962
0.87 3.33588 2.96093 2.1584 0.995403
0.88 3.37422 2.99496 2.18321 1.00684
0.89 3.41256 3.029 2.20802 1.01829
0.9 3.45091 3.06303 2.23283 1.02973
0.91 3.48925 3.09706 2.25764 1.04117
0.92 3.52759 3.1311 2.28245 1.05261
0.93 3.56594 3.16513 2.30726 1.06405
0.94 3.60428 3.19916 2.33207 1.07549
0.95 3.64262 3.2332 2.35688 1.08693
0.96 3.68097 3.26723 2.38169 1.09838
0.97 3.71931 3.30126 2.4065 1.10982
0.98 3.75766 3.3353 2.43131 1.12126
0.99 3.796 3.36933 2.45612 1.1327
1 3.83434 3.40337 2.48092 1.14414
