0.1 0 0 0
0.2 0 0 0
0.3 0 0 0
0.4 0 0 0
0.5 0 0 0
0.6 0 0 0
0.7 0 0 0
0.8 0 0 0
0.9 0 0 0
1 0 0 0
0.39684 1.82494 -1.14148e-013 0.110945
0.684582 3.65024 -1.37442e-013 0.221738
1.05302 5.47589 8.9204e-015 0.332376
1.41318 7.30192 1.99086e-014 0.442858
1.77187 9.12832 8.63449e-014 0.553182
2.12993 10.9551 9.87819e-014 0.663347
2.48747 12.7823 -2.6912e-014 0.77335
2.8445 14.6098 -3.20874e-014 0.883191
3.20101 16.4378 -1.27583e-013 0.992866
3.55699 18.2662 -1.34676e-013 1.10237
3.91245 20.095 -1.52166e-013 1.21171
4.26736 21.9243 -1.61827e-013 1.32088
4.62173 23.7539 -2.07285e-013 1.42988
4.97555 25.5841 -2.98765e-013 1.5387
5.32882 27.4147 -3.21141e-013 1.64734
5.6706 29.2662 -3.82928e-013 1.75611
5.987 31.1598 -4.32625e-013 1.86536
6.30208 33.0558 -4.79686e-013 1.97474
6.61657 34.9535 -5.38404e-013 2.08463
6.92151 36.8529 -6.03994e-013 2.1942
7.19381 38.7452 -6.56769e-013 2.3031
7.43457 40.7339 -6.00846e-013 2.40429
7.63764 42.792 -4.65186e-013 2.49684
7.82205 44.8149 -4.12014e-013 2.57632
7.99116 46.8676 -3.57173e-013 2.64891
8.1367 48.951 -2.71047e-013 2.71357
8.27307 51.0669 -1.24701e-013 2.77974
8.39853 53.2198 -2.00493e-013 2.8475
8.51331 55.3941 -1.40715e-013 2.92163
8.61861 57.5938 -7.28431e-014 3.00257
8.72157 59.8062 1.0875e-013 3.08415
8.82096 62.0358 8.45286e-014 3.16669
8.91996 64.2667 -1.71461e-013 3.24919
9.00362 66.4849 -1.82063e-013 3.32884
9.07921 68.6463 -5.88702e-014 3.40491
9.15202 70.8054 1.33529e-013 3.47979
9.21025 72.7796 3.32833e-013 3.54037
9.2565 74.6923 2.5339e-013 3.59575
9.2919 76.5958 5.13729e-013 3.65026
9.345 78.4971 4.15448e-013 3.7046
9.38826 80.3834 2.7078e-013 3.75806
9.42695 82.3005 2.2857e-013 3.81375
9.44887 84.3235 5.29996e-013 3.8834
9.46646 86.3608 3.23469e-013 3.95838
9.48294 88.3994 2.48448e-013 4.03354
9.49924 90.4308 1.59431e-013 4.10737
9.51526 92.4585 1.74396e-013 4.18096
9.53131 94.4861 -6.22443e-014 4.25453
9.54467 96.5136 -1.49757e-013 4.32809
9.5643 98.5421 5.19765e-014 4.40173
9.58069 100.572 6.52489e-014 4.47538
9.59509 102.599 6.01161e-014 4.54834
9.60998 104.624 -3.87048e-014 4.6211
9.62257 106.649 -1.1054e-013 4.69385
9.63934 108.676 3.83802e-013 4.76672
9.65596 110.706 6.40329e-013 4.84013
9.66964 112.739 3.6666e-013 4.91344
9.68392 114.771 4.00778e-013 4.98674
9.69949 116.803 4.37063e-013 5.05997
9.71386 118.834 6.17114e-013 5.13301
9.72452 120.843 2.32225e-014 5.20292
9.73563 122.852 -1.09597e-013 5.27281
9.74786 124.861 -1.3328e-013 5.34276
9.75871 126.871 -2.92479e-013 5.41335
9.77022 128.876 -2.33045e-013 5.48323
9.77986 130.877 -4.21146e-013 5.55284
9.78999 132.88 -5.36122e-013 5.62249
9.79975 134.861 -4.62487e-013 5.69151
9.80863 136.819 -4.23117e-013 5.75976
9.81746 138.776 -3.28328e-013 5.828
9.82628 140.733 -3.62281e-013 5.89624
9.83509 142.689 -2.98397e-013 5.96447
9.844 144.639 -2.12622e-013 6.03218
9.85142 146.585 -5.79658e-014 6.09963
9.85921 148.53 -1.05944e-013 6.16708
9.86674 150.456 -6.86858e-014 6.2334
9.87356 152.332 5.58643e-014 6.29734
9.87861 154.176 6.69018e-014 6.35953
9.88388 156.021 1.49929e-013 6.42171
9.8892 157.864 1.62936e-013 6.48389
9.89452 159.708 1.67648e-013 6.54606
9.89985 161.552 2.72306e-013 6.60824
9.90517 163.396 3.96266e-013 6.67041
9.91049 165.24 3.79962e-013 6.73257
9.91493 167.084 6.85001e-013 6.79474
9.9209 168.927 6.87662e-013 6.8569
9.92638 170.771 6.89738e-013 6.91905
9.93172 172.614 8.76524e-013 6.98121
9.93703 174.458 9.3994e-013 7.04336
9.94233 176.301 8.8578e-013 7.1055
9.94762 178.144 8.24753e-013 7.16765
9.95274 179.979 9.10506e-013 7.2294
9.95755 181.782 8.4526e-013 7.28956
9.96094 183.588 1.09463e-012 7.34972
9.96477 185.394 1.06343e-012 7.40988
9.96882 187.2 9.60467e-013 7.47003
9.97297 189.006 8.44806e-013 7.53018
9.97717 190.812 9.32675e-013 7.59032
9.9814 192.617 1.09876e-012 7.65046
9.98668 194.423 9.82293e-013 7.71058
