0.1 0 0 0
0.2 0 0 0
0.3 0 0 0
0.4 0 0 0
0.5 0 0 0
0.6 0 0 0
0.7 0 0 0
0.8 0 0 0
0.9 0 0 0
1 0 0 0
0.39684 3 -1.84581e-013 0.15225
0.684582 6 -2.29847e-013 0.304278
1.05302 9 8.11744e-015 0.45608
1.41318 12 1.68727e-014 0.607656
1.77187 15 1.15776e-013 0.759002
2.12993 18 1.37647e-013 0.910117
2.48747 21 -5.15751e-014 1.061
2.8445 24 -6.59744e-014 1.21164
3.20101 27 -2.28236e-013 1.36204
3.55699 30 -2.47828e-013 1.51221
3.91245 33 -2.83183e-013 1.66212
4.26736 36 -3.06784e-013 1.81179
4.62173 39 -4.08986e-013 1.96121
4.97555 42 -5.44966e-013 2.11038
5.32882 45 -5.97105e-013 2.25929
5.6706 48 -7.16038e-013 2.40697
5.987 51 -8.06964e-013 2.55253
6.30208 54 -8.78024e-013 2.69811
6.61657 57 -1.00669e-012 2.84407
6.92151 60 -1.15097e-012 2.98898
7.19381 63 -1.26434e-012 3.13122
7.43457 66 -1.12629e-012 3.26238
7.63764 69 -9.18956e-013 3.38179
7.82205 72 -8.5185e-013 3.48758
7.99116 75 -7.54266e-013 3.58581
8.1367 78 -6.03048e-013 3.67508
8.27307 81 -3.32403e-013 3.76484
8.39853 84 -4.53565e-013 3.85485
8.51331 87 -3.35613e-013 3.95004
8.61861 90 -2.13628e-013 4.05093
8.72157 93 1.06604e-013 4.15203
8.82096 96 7.126e-014 4.25353
8.91996 99 -3.46506e-013 4.3557
9.00362 102 -3.51491e-013 4.45488
9.07921 105 -1.54459e-013 4.55145
9.15202 108 1.66718e-013 4.6466
9.21025 111 4.35367e-013 4.72345
9.2565 114 3.26071e-013 4.79271
9.2919 117 8.08475e-013 4.86291
9.345 120 3.62264e-013 4.93286
9.38826 123 3.70944e-013 5.0015
9.42695 126 3.23096e-013 5.07209
9.44887 129 8.5785e-013 5.1544
9.46646 132 6.1715e-013 5.248
9.48294 135 4.69302e-013 5.34334
9.49924 138 3.35364e-013 5.43739
9.51526 141 3.46514e-013 5.53117
9.53131 144 9.43125e-015 5.62492
9.54467 147 -1.52262e-013 5.71867
9.5643 150 1.51751e-013 5.81249
9.58069 153 1.7395e-013 5.9065
9.59509 156 1.81585e-013 6.00002
9.60998 159 -2.80354e-014 6.09336
9.62257 162 -4.61133e-014 6.18667
9.63934 165 7.50096e-013 6.28006
9.65596 168 1.17463e-012 6.37389
9.66964 171 7.54846e-013 6.46817
9.68392 174 7.86592e-013 6.56242
9.69949 177 8.25698e-013 6.65662
9.71386 180 1.10091e-012 6.75067
9.72452 183 4.06518e-013 6.84255
9.73563 186 2.10308e-013 6.9344
9.74786 189 1.66682e-013 7.02702
9.75871 192 -1.75103e-013 7.12249
9.77022 195 -1.30893e-013 7.21763
9.77986 198 -3.64924e-013 7.31287
9.78999 201 -6.36896e-013 7.40811
9.79975 204 -5.52825e-013 7.502
9.80863 207 -4.52098e-013 7.59425
9.81746 210 -2.99013e-013 7.68647
9.82628 213 -3.99127e-013 7.77867
9.83509 216 -2.79358e-013 7.87084
9.844 219 -1.40017e-013 7.96206
9.85142 222 1.38952e-013 8.05287
9.85921 225 8.67754e-014 8.14366
9.86674 228 1.01371e-013 8.23228
9.87356 231 3.38303e-013 8.31634
9.87861 234 3.69852e-013 8.39704
9.88388 237 4.94058e-013 8.47773
9.8892 240 5.61185e-013 8.5584
9.89452 243 6.05953e-013 8.63906
9.89985 246 7.63693e-013 8.7197
9.90517 249 9.55476e-013 8.80031
9.91049 252 9.61437e-013 8.88091
9.91493 255 1.42688e-012 8.96151
9.9209 258 1.46504e-012 9.04216
9.92638 261 1.53699e-012 9.12278
9.93172 264 1.83896e-012 9.20339
9.93703 267 1.99326e-012 9.28399
9.94233 270 1.91947e-012 9.36456
9.94762 273 1.25584e-012 9.44512
9.95274 276 1.49701e-012 9.52581
9.95755 279 1.36248e-012 9.60734
9.96094 282 1.81263e-012 9.6894
9.96477 285 1.71789e-012 9.77143
9.96882 288 1.62465e-012 9.85345
9.97297 291 1.47098e-012 9.93544
9.97717 294 1.67207e-012 10.0174
9.9814 297 1.98877e-012 10.0994
9.98668 300 1.90102e-012 10.1813
