0.1 0 0 0
0.2 0 0 0
0.3 0 0 0
0.4 0 0 0
0.5 0 0 0
0.6 0 0 0
0.7 0 0 0
0.8 0 0 0
0.9 0 0 0
1 0 0 0
0.39684 2.47144 -1.65269e-013 0.131877
0.684582 4.94309 -2.00783e-013 0.263568
1.05302 7.41496 8.80217e-015 0.395071
1.41318 9.88706 2.00021e-014 0.526384
1.77187 12.3594 1.08389e-013 0.657505
2.12993 14.8319 1.27967e-013 0.788432
2.48747 17.3047 -3.8536e-014 0.919163
2.8445 19.7777 -4.84795e-014 1.0497
3.20101 22.251 -1.88036e-013 1.18003
3.55699 24.7245 -2.01676e-013 1.31016
3.91245 27.1983 -2.30898e-013 1.44008
4.26736 29.6723 -2.47935e-013 1.5698
4.62173 32.1467 -3.27781e-013 1.69931
4.97555 34.6212 -4.4739e-013 1.8286
5.32882 37.0961 -4.87157e-013 1.95768
5.6706 39.5854 -5.82747e-013 2.08633
5.987 42.1032 -6.56772e-013 2.21436
6.30208 44.6218 -7.16054e-013 2.34243
6.61657 47.1408 -8.15771e-013 2.47094
6.92151 49.6664 -9.27547e-013 2.59913
7.19381 52.2084 -1.0153e-012 2.72688
7.43457 54.8018 -9.46093e-013 2.84543
7.63764 57.441 -7.56846e-013 2.95427
7.82205 60.0967 -6.91386e-013 3.05107
7.99116 62.7809 -6.01284e-013 3.14083
8.1367 65.5005 -4.7029e-013 3.22267
8.27307 68.2336 -2.40943e-013 3.30546
8.39853 70.982 -3.42525e-013 3.38914
8.51331 73.7438 -2.41932e-013 3.47868
8.61861 76.5167 -1.39346e-013 3.57439
8.72157 79.2946 1.29726e-013 3.67048
8.82096 82.0793 9.92301e-014 3.76718
8.91996 84.8664 -2.80406e-013 3.86373
9.00362 87.6513 -2.89874e-013 3.95706
9.07921 90.4365 -1.17405e-013 4.04811
9.15202 93.2274 1.60497e-013 4.13795
9.21025 95.9336 4.1785e-013 4.20825
9.2565 98.6157 3.11622e-013 4.27074
9.2919 101.297 6.98744e-013 4.33432
9.345 103.978 4.13694e-013 4.39768
9.38826 106.656 3.39131e-013 4.45982
9.42695 109.347 2.98963e-013 4.52415
9.44887 112.079 7.42972e-013 4.60132
9.46646 114.804 4.91098e-013 4.6842
9.48294 117.526 3.79635e-013 4.76743
9.49924 120.245 2.61834e-013 4.84931
9.51526 122.963 2.7452e-013 4.93089
9.53131 125.68 -2.81396e-014 5.01245
9.54467 128.398 -1.53474e-013 5.09401
9.5643 131.116 1.13652e-013 5.17567
9.58069 133.834 1.33779e-013 5.25755
9.59509 136.552 1.31911e-013 5.3389
9.60998 139.269 -2.91792e-014 5.42007
9.62257 141.987 -8.81973e-014 5.50121
9.63934 144.705 6.00012e-013 5.58247
9.65596 147.425 9.65012e-013 5.66416
9.66964 150.153 5.9681e-013 5.74537
9.68392 152.881 5.66167e-013 5.82657
9.69949 155.61 6.14738e-013 5.90769
9.71386 158.34 8.61517e-013 5.9886
9.72452 161.093 1.77333e-013 6.06622
9.73563 163.846 -5.05171e-015 6.14382
9.74786 166.596 -1.21544e-014 6.22156
9.75871 169.338 -2.56281e-013 6.30023
9.77022 172.078 -1.71689e-013 6.37818
9.77986 174.818 -4.03195e-013 6.45589
9.78999 177.557 -5.92074e-013 6.53361
9.79975 180.275 -5.07591e-013 6.61035
9.80863 182.965 -4.40216e-013 6.68589
9.81746 185.656 -3.1203e-013 6.76142
9.82628 188.346 -3.51424e-013 6.83693
9.83509 191.036 -2.51135e-013 6.91243
9.844 193.72 -1.18593e-013 6.98683
9.85142 196.401 1.1914e-013 7.06081
9.85921 199.081 6.81439e-014 7.13479
9.86674 201.742 9.39505e-014 7.20716
9.87356 204.351 2.89766e-013 7.27614
9.87861 206.927 3.12734e-013 7.34264
9.88388 209.503 4.23767e-013 7.40913
9.8892 212.079 4.64342e-013 7.47562
9.89452 214.655 4.87741e-013 7.5421
9.89985 217.231 6.30057e-013 7.60858
9.90517 219.807 8.02776e-013 7.67504
9.91049 222.383 7.962e-013 7.74151
9.91493 224.959 1.2018e-012 7.80796
9.9209 227.534 1.22758e-012 7.87441
9.92638 230.11 1.26528e-012 7.94085
9.93172 232.685 1.52572e-012 8.00729
9.93703 235.261 1.64568e-012 8.07372
9.94233 237.836 1.57236e-012 8.14014
9.94762 240.411 1.19739e-012 8.20656
9.95274 242.976 1.36557e-012 8.27241
9.95755 245.506 1.26623e-012 8.33672
9.96094 248.043 1.6364e-012 8.40181
9.96477 250.579 1.57064e-012 8.46688
9.96882 253.115 1.4622e-012 8.53194
9.97297 255.651 1.31916e-012 8.59699
9.97717 258.186 1.46344e-012 8.66203
9.9814 260.722 1.72726e-012 8.72706
9.98668 263.257 1.60844e-012 8.79207
