0.1 0 0 0
0.2 0 0 0
0.3 0 0 0
0.4 0 0 0
0.5 0 0 0
0.6 0 0 0
0.7 0 0 0
0.8 0 0 0
0.9 0 0 0
1 0 0 0
0.39684 1.02151 -4.74092e-014 0.0795194
0.684582 2.04337 -5.85068e-014 0.158931
1.05302 3.06557 2.70474e-015 0.238235
1.41318 4.08813 1.48066e-014 0.317428
1.77187 5.11105 4.96743e-014 0.39651
2.12993 6.13433 5.20555e-014 0.47548
2.48747 7.15799 -2.1026e-014 0.554336
2.8445 8.18203 -2.88905e-014 0.633076
3.20101 9.20646 -7.67598e-014 0.7117
3.55699 10.2313 -7.61892e-014 0.790206
3.91245 11.2565 -7.91013e-014 0.868592
4.26736 12.2822 -8.05037e-014 0.946857
4.62173 13.3082 -9.04301e-014 1.025
4.97555 14.3347 -1.43272e-013 1.10302
5.32882 15.3616 -1.48811e-013 1.18091
5.6706 16.3925 -1.70215e-013 1.25877
5.987 17.4328 -1.907e-013 1.33677
6.30208 18.4761 -2.13082e-013 1.4147
6.61657 19.5217 -2.39746e-013 1.49249
6.92151 20.5719 -2.62678e-013 1.57032
7.19381 21.622 -2.74403e-013 1.64808
7.43457 22.7351 -2.61555e-013 1.7217
7.63764 23.8774 -1.9356e-013 1.78685
7.82205 24.9746 -1.66192e-013 1.84482
7.99116 26.05 -1.45882e-013 1.89815
8.1367 27.135 -1.09573e-013 1.94857
8.27307 28.2649 -4.0432e-014 2.00076
8.39853 29.446 -7.70772e-014 2.05493
8.51331 30.6744 -5.04912e-014 2.11729
8.61861 31.9494 -2.26968e-014 2.18714
8.72157 33.239 5.60266e-014 2.25765
8.82096 34.5498 4.20352e-014 2.3292
8.91996 35.8614 -8.14603e-014 2.40072
9.00362 37.1396 -8.13329e-014 2.46944
9.07921 38.3681 -2.56104e-014 2.53575
9.15202 39.5891 6.00917e-014 2.60106
9.21025 40.6762 1.49024e-013 2.6563
9.2565 41.7158 1.23962e-013 2.70764
9.2919 42.7467 2.37349e-013 2.75811
9.345 43.7762 1.84717e-013 2.80849
9.38826 44.7967 1.39029e-013 2.85845
9.42695 45.8545 1.12367e-013 2.91056
9.44887 47.0539 2.3546e-013 2.97667
9.46646 48.2815 1.41279e-013 3.04805
9.48294 49.5111 1.07861e-013 3.11955
9.49924 50.7296 6.72226e-014 3.18975
9.51526 51.9448 7.37124e-014 3.25976
9.53131 53.16 -2.83057e-014 3.32976
9.54467 54.375 -7.9018e-014 3.39974
9.5643 55.5914 2.23137e-014 3.46982
9.58069 56.8088 2.6711e-014 3.53996
9.59509 58.0234 1.97226e-014 3.60984
9.60998 59.237 -2.29928e-014 3.67963
9.62257 60.4505 -7.27047e-014 3.74942
9.63934 61.6658 1.61743e-013 3.81932
9.65596 62.8882 2.77365e-013 3.8898
9.66964 64.1115 1.46852e-013 3.96027
9.68392 65.3347 2.53767e-013 4.03073
9.69949 66.5573 2.71258e-013 4.10115
9.71386 67.778 3.57823e-013 4.17142
9.72452 68.9695 2.41247e-015 4.23949
9.73563 70.1609 -5.69014e-014 4.30756
9.74786 71.3523 -1.14325e-013 4.37565
9.75871 72.5499 -2.03692e-013 4.44427
9.77022 73.7391 -1.97857e-013 4.51225
9.77986 74.9252 -2.93851e-013 4.57999
9.78999 76.1117 -3.54543e-013 4.64776
9.79975 77.284 -3.2654e-013 4.71482
9.80863 78.4391 -3.11257e-013 4.78102
9.81746 79.5942 -2.72127e-013 4.84722
9.82628 80.7492 -2.91535e-013 4.91342
9.83509 81.9041 -2.63957e-013 4.97961
9.844 83.0557 -2.38127e-013 5.04546
9.85142 84.2048 -1.73218e-013 5.11111
9.85921 85.3539 -2.06685e-013 5.17675
9.86674 86.489 -1.83488e-013 5.24143
9.87356 87.5903 -1.35531e-013 5.30396
9.87861 88.6691 -1.38505e-013 5.36496
9.88388 89.7479 -1.03504e-013 5.42596
9.8892 90.8267 -1.03604e-013 5.48696
9.89452 91.9055 -1.02598e-013 5.54796
9.89985 92.9842 -4.14124e-014 5.60896
9.90517 94.0629 1.36602e-014 5.66995
9.91049 95.1415 4.9206e-015 5.73094
9.91493 96.2201 1.69944e-013 5.79193
9.9209 97.2987 1.36393e-013 5.85291
9.92638 98.3772 1.33619e-013 5.9139
9.93172 99.4557 2.14514e-013 5.97488
9.93703 100.534 2.32728e-013 6.03585
9.94233 101.613 2.08092e-013 6.09683
9.94762 102.691 1.8778e-013 6.1578
9.95274 103.764 2.29662e-013 6.21844
9.95755 104.818 2.02025e-013 6.27772
9.96094 105.873 3.33883e-013 6.33705
9.96477 106.927 2.96144e-013 6.39638
9.96882 107.982 2.30146e-013 6.4557
9.97297 109.036 1.99134e-013 6.51501
9.97717 110.091 2.39838e-013 6.57432
9.9814 111.145 3.27269e-013 6.63362
9.98668 112.199 2.55118e-013 6.69292
